2025-12-29 21:12:28,347 - INFO - Logging initialized. Log file: results/runs/20251229_211228_seed42/logs/rmtwin_optimization_20251229_211228.log
2025-12-29 21:12:28,347 - INFO - Debug mode: False
2025-12-29 21:12:28,347 - INFO - ================================================================================
2025-12-29 21:12:28,347 - INFO - RMTwin Multi-Objective Optimization Framework v3.1
2025-12-29 21:12:28,347 - INFO - Run Directory: results/runs/20251229_211228_seed42
2025-12-29 21:12:28,348 - INFO - Seed: 42
2025-12-29 21:12:28,348 - INFO - Config: 6 objectives, 100 generations, 2000 population
2025-12-29 21:12:28,348 - INFO - Start Time: 2025-12-29 21:12:28
2025-12-29 21:12:28,348 - INFO - ================================================================================
2025-12-29 21:12:28,348 - INFO - 
Constraints:
2025-12-29 21:12:28,348 - INFO -   Budget Cap: $10,000,000
2025-12-29 21:12:28,348 - INFO -   Min Recall: 0.8
2025-12-29 21:12:28,348 - INFO -   Max Latency: 200.0 s
2025-12-29 21:12:28,348 - INFO -   Min MTBF: 1000 hours
2025-12-29 21:12:28,348 - INFO -   Max Carbon: 200,000 kgCO2e/year
2025-12-29 21:12:28,348 - INFO - 
Sensor Parameters (v3.1):
2025-12-29 21:12:28,348 - INFO -   Fixed Sensor Density: 1.0 /km
2025-12-29 21:12:28,348 - INFO -   Mobile Coverage: 80.0 km/day
2025-12-29 21:12:28,348 - INFO - Config snapshot saved to results/runs/20251229_211228_seed42/config_snapshot.json
2025-12-29 21:12:28,348 - INFO - 
Step 1: Loading ontology...
2025-12-29 21:12:28,349 - INFO - 设置基础本体结构...
2025-12-29 21:12:28,351 - INFO - 基础本体创建完成，包含 125 个三元组
2025-12-29 21:12:28,351 - INFO - 使用TXT数据文件
2025-12-29 21:12:28,351 - INFO - 从CSV文件填充本体...
2025-12-29 21:12:28,366 - INFO - 加载 22 个传感器实例...
2025-12-29 21:12:28,383 - INFO - 加载 20 个算法实例...
2025-12-29 21:12:28,390 - INFO - 加载 21 个基础设施实例...
2025-12-29 21:12:28,399 - INFO - 加载 50 个成本效益条目...
2025-12-29 21:12:28,410 - INFO - 添加SHACL约束...
2025-12-29 21:12:28,410 - INFO - 本体填充完成，包含 988 个三元组
2025-12-29 21:12:28,768 - INFO - 验证：找到 22 个传感器实例
2025-12-29 21:12:28,809 - INFO - 验证：找到 20 个算法实例
2025-12-29 21:12:28,809 - INFO - 本体构建成功
2025-12-29 21:12:28,843 - INFO - 本体保存到 results/runs/20251229_211228_seed42/populated_ontology.ttl
2025-12-29 21:12:28,843 - INFO - 本体已保存到 results/runs/20251229_211228_seed42/populated_ontology.ttl
2025-12-29 21:12:28,843 - INFO - 
Step 2: Running NSGA-III optimization...
2025-12-29 21:12:28,843 - INFO - Optimizer initialized with seed=42
2025-12-29 21:12:28,843 - INFO - Optimizer initialized with seed=42
2025-12-29 21:12:28,855 - INFO - Caching ontology components...
2025-12-29 21:12:28,859 - INFO - Cached: 22 sensors, 20 algorithms, 7 storage, 5 comm, 5 deployments
2025-12-29 21:12:28,860 - INFO - Initializing property cache...
2025-12-29 21:12:34,749 - INFO - Cached properties for 59 components
2025-12-29 21:12:34,749 - INFO - EnhancedFitnessEvaluatorV3 initialized (Step 2-Lite)
2025-12-29 21:12:34,750 - INFO - Using NSGA-III, 56 ref_dirs, pop_size=2000
2025-12-29 21:12:34,750 - INFO - Using DiverseInitialSampling for better discrete variable coverage
2025-12-29 21:12:34,750 - INFO - Mutation eta=15 (increased mutation strength)
2025-12-29 21:12:34,750 - INFO - Starting NSGA3 optimization, 6 objectives, seed=42...
2025-12-29 21:12:34,850 - INFO - DiverseInitialSampling: 22 sensors, 20 algorithms, 5 deployments
2025-12-29 21:12:34,852 - INFO - Generated 2000 initial solutions with diverse discrete coverage
2025-12-29 21:12:34,852 - INFO -   - 22 sensor-focused
2025-12-29 21:12:34,852 - INFO -   - 20 algorithm-focused
2025-12-29 21:12:34,852 - INFO -   - 440 sensor×algorithm combos
2025-12-29 21:17:15,913 - INFO - Processed 26 Pareto optimal solutions
2025-12-29 21:17:16,196 - INFO - 
=== Pareto Front Diversity Statistics ===
2025-12-29 21:17:16,197 - INFO - Unique sensors: 5
2025-12-29 21:17:16,198 - INFO - Sensor distribution:
sensor
Camera_Basler_ace2Pro        13
IoT_LoRaWAN_Sensor            5
Vehicle_Smartphone_System     4
Vehicle_Accelerometer_Pro     3
MMS_ZF_Profiler9020C          1
2025-12-29 21:17:16,198 - INFO - Unique algorithms: 5
2025-12-29 21:17:16,199 - INFO - Algorithm distribution:
algorithm
Traditional_Canny_Optimized    11
Traditional_Otsu_Enhanced       9
Traditional_Morphology          4
ML_RandomForest_Fast            1
ML_XGBoost_Tuned                1
2025-12-29 21:17:16,199 - INFO - =============================================
2025-12-29 21:17:16,208 - INFO - Optimization time: 281.46s
2025-12-29 21:17:16,217 - INFO - Processed 26 Pareto optimal solutions
2025-12-29 21:17:16,217 - INFO - 
=== Pareto Front Diversity Statistics ===
2025-12-29 21:17:16,218 - INFO - Unique sensors: 5
2025-12-29 21:17:16,218 - INFO - Sensor distribution:
sensor
Camera_Basler_ace2Pro        13
IoT_LoRaWAN_Sensor            5
Vehicle_Smartphone_System     4
Vehicle_Accelerometer_Pro     3
MMS_ZF_Profiler9020C          1
2025-12-29 21:17:16,219 - INFO - Unique algorithms: 5
2025-12-29 21:17:16,219 - INFO - Algorithm distribution:
algorithm
Traditional_Canny_Optimized    11
Traditional_Otsu_Enhanced       9
Traditional_Morphology          4
ML_RandomForest_Fast            1
ML_XGBoost_Tuned                1
2025-12-29 21:17:16,219 - INFO - 
Pareto Front Summary:
2025-12-29 21:17:16,219 - INFO -   Cost: $474,609 - $8,113,705
2025-12-29 21:17:16,220 - INFO -   Recall: 0.8003 - 0.9600
2025-12-29 21:17:16,220 - INFO - 
Step 3: Running baseline methods...
2025-12-29 21:17:16,220 - INFO - Running baseline methods...
2025-12-29 21:17:16,220 - INFO - Caching ontology components...
2025-12-29 21:17:16,223 - INFO - Cached: 22 sensors, 20 algorithms, 7 storage, 5 comm, 5 deployments
2025-12-29 21:17:16,223 - INFO - Initializing property cache...
2025-12-29 21:17:21,536 - INFO - Cached properties for 59 components
2025-12-29 21:17:21,536 - INFO - EnhancedFitnessEvaluatorV3 initialized (Step 2-Lite)
2025-12-29 21:17:21,536 - INFO - BaselineRunner initialized with seed=43
2025-12-29 21:17:21,536 - INFO - Running all baseline methods via run_all_methods()...
2025-12-29 21:17:21,536 - INFO - 
Running baseline method: random
2025-12-29 21:17:21,536 - INFO - Running Random Search with 3000 samples (seed=43)...
2025-12-29 21:17:21,584 - INFO -   Evaluated 200 solutions (28 feasible)
2025-12-29 21:17:21,633 - INFO -   Evaluated 400 solutions (65 feasible)
2025-12-29 21:17:21,683 - INFO -   Evaluated 600 solutions (109 feasible)
2025-12-29 21:17:21,731 - INFO -   Evaluated 800 solutions (141 feasible)
2025-12-29 21:17:21,780 - INFO -   Evaluated 1000 solutions (177 feasible)
2025-12-29 21:17:21,830 - INFO -   Evaluated 1200 solutions (226 feasible)
2025-12-29 21:17:21,880 - INFO -   Evaluated 1400 solutions (260 feasible)
2025-12-29 21:17:21,931 - INFO -   Evaluated 1600 solutions (302 feasible)
2025-12-29 21:17:21,981 - INFO -   Evaluated 1800 solutions (342 feasible)
2025-12-29 21:17:22,030 - INFO -   Evaluated 2000 solutions (390 feasible)
2025-12-29 21:17:22,080 - INFO -   Evaluated 2200 solutions (429 feasible)
2025-12-29 21:17:22,129 - INFO -   Evaluated 2400 solutions (469 feasible)
2025-12-29 21:17:22,179 - INFO -   Evaluated 2600 solutions (502 feasible)
2025-12-29 21:17:22,228 - INFO -   Evaluated 2800 solutions (545 feasible)
2025-12-29 21:17:22,278 - INFO -   Evaluated 3000 solutions (600 feasible)
2025-12-29 21:17:22,295 - INFO - Random Search: 0.74s, 600 feasible
2025-12-29 21:17:22,296 - INFO -   Total solutions: 3000
2025-12-29 21:17:22,296 - INFO -   Feasible solutions: 600
2025-12-29 21:17:22,297 - INFO -   Best cost: $430,655
2025-12-29 21:17:22,297 - INFO -   Best recall: 0.960
2025-12-29 21:17:22,297 - INFO - 
Running baseline method: grid
2025-12-29 21:17:22,297 - INFO - Running Grid Search baseline (seed=44)...
2025-12-29 21:17:22,327 - INFO - Grid Search: 0.03s, 12 feasible
2025-12-29 21:17:22,327 - INFO -   Total solutions: 192
2025-12-29 21:17:22,328 - INFO -   Feasible solutions: 12
2025-12-29 21:17:22,328 - INFO -   Best cost: $4,687,740
2025-12-29 21:17:22,328 - INFO -   Best recall: 0.949
2025-12-29 21:17:22,328 - INFO - 
Running baseline method: weighted
2025-12-29 21:17:22,328 - INFO - Running Weighted Sum with 100 weight sets (seed=45)...
2025-12-29 21:17:22,328 - INFO - Generated 100 weight combinations (Dirichlet enhanced)
2025-12-29 21:17:24,012 - INFO -   Processed 10 weight combinations
2025-12-29 21:17:25,703 - INFO -   Processed 20 weight combinations
2025-12-29 21:17:27,431 - INFO -   Processed 30 weight combinations
2025-12-29 21:17:29,149 - INFO -   Processed 40 weight combinations
2025-12-29 21:17:30,843 - INFO -   Processed 50 weight combinations
2025-12-29 21:17:32,545 - INFO -   Processed 60 weight combinations
2025-12-29 21:17:34,246 - INFO -   Processed 70 weight combinations
2025-12-29 21:17:35,946 - INFO -   Processed 80 weight combinations
2025-12-29 21:17:37,653 - INFO -   Processed 90 weight combinations
2025-12-29 21:17:39,369 - INFO -   Processed 100 weight combinations
2025-12-29 21:17:39,371 - INFO - Weighted Sum: 17.04s, 100 feasible
2025-12-29 21:17:39,371 - INFO -   Total solutions: 100
2025-12-29 21:17:39,371 - INFO -   Feasible solutions: 100
2025-12-29 21:17:39,372 - INFO -   Best cost: $789,329
2025-12-29 21:17:39,372 - INFO -   Best recall: 0.960
2025-12-29 21:17:39,372 - INFO - 
Running baseline method: expert
2025-12-29 21:17:39,372 - INFO - Running Expert Heuristic baseline (seed=46)...
2025-12-29 21:17:39,379 - INFO - Expert Heuristic: 0.01s
2025-12-29 21:17:39,379 - INFO -   Total configs: 25, Feasible: 2
2025-12-29 21:17:39,379 - INFO -   Total solutions: 25
2025-12-29 21:17:39,379 - INFO -   Feasible solutions: 2
2025-12-29 21:17:39,380 - INFO -   Best cost: $4,344,870
2025-12-29 21:17:39,380 - INFO -   Best recall: 0.949
2025-12-29 21:17:39,467 - INFO -   Random: 3000 total, 600 feasible
2025-12-29 21:17:39,473 - INFO -   Grid: 192 total, 12 feasible
2025-12-29 21:17:39,477 - INFO -   Weighted: 100 total, 100 feasible
2025-12-29 21:17:39,479 - INFO -   Expert: 25 total, 2 feasible
2025-12-29 21:17:39,479 - INFO - Baseline methods complete: 4 methods, 714 total feasible solutions
2025-12-29 21:17:39,479 - INFO -   Random: 3000 total, 600 feasible
2025-12-29 21:17:39,480 - INFO -   Grid: 192 total, 12 feasible
2025-12-29 21:17:39,480 - INFO -   Weighted: 100 total, 100 feasible
2025-12-29 21:17:39,480 - INFO -   Expert: 25 total, 2 feasible
2025-12-29 21:17:39,481 - INFO - 
Step 4: Validating results consistency...
2025-12-29 21:17:39,481 - INFO - Validating results...
2025-12-29 21:17:39,481 - INFO - Validation: PASSED
2025-12-29 21:17:39,481 - INFO - Validation: PASSED
2025-12-29 21:17:39,481 - INFO - 
Step 5: Skipping visualization
2025-12-29 21:17:39,481 - INFO - 
Step 6: Generating report...
2025-12-29 21:17:39,484 - INFO - 
================================================================================
2025-12-29 21:17:39,484 - INFO - OPTIMIZATION COMPLETE
2025-12-29 21:17:39,484 - INFO - Run Directory: results/runs/20251229_211228_seed42
2025-12-29 21:17:39,484 - INFO - Pareto Solutions: 26
2025-12-29 21:17:39,484 - INFO - Baseline Feasible: 714
2025-12-29 21:17:39,484 - INFO - Validation: PASSED
2025-12-29 21:17:39,484 - INFO - Total Time: 311.14s
2025-12-29 21:17:39,484 - INFO - ================================================================================
