2025-12-17 23:33:42,658 - utils - INFO - Logging initialized. Log file: results/runs/20251217_233342_seed42/logs/rmtwin_optimization_20251217_233342.log
2025-12-17 23:33:42,658 - utils - INFO - Debug mode: False
2025-12-17 23:33:42,658 - utils - INFO - ================================================================================
2025-12-17 23:33:42,658 - utils - INFO - RMTwin Multi-Objective Optimization Framework v2
2025-12-17 23:33:42,658 - utils - INFO - Run Directory: results/runs/20251217_233342_seed42
2025-12-17 23:33:42,658 - utils - INFO - Seed: 42
2025-12-17 23:33:42,658 - utils - INFO - Config: 6 objectives, 100 generations, 2000 population
2025-12-17 23:33:42,658 - utils - INFO - Start Time: 2025-12-17 23:33:42
2025-12-17 23:33:42,658 - utils - INFO - ================================================================================
2025-12-17 23:33:42,658 - utils - INFO - 
Constraints:
2025-12-17 23:33:42,658 - utils - INFO -   Budget Cap: $10,000,000
2025-12-17 23:33:42,658 - utils - INFO -   Min Recall: 0.8
2025-12-17 23:33:42,658 - utils - INFO -   Max Latency: 200.0 s
2025-12-17 23:33:42,658 - utils - INFO -   Min MTBF: 1000 hours
2025-12-17 23:33:42,658 - utils - INFO -   Max Carbon: 200000 kgCO2e/year
2025-12-17 23:33:42,658 - __main__ - INFO - Config snapshot saved to results/runs/20251217_233342_seed42/config_snapshot.json
2025-12-17 23:33:42,659 - utils - INFO - 
Step 1: Loading ontology...
2025-12-17 23:33:42,660 - ontology_manager - INFO - 设置基础本体结构...
2025-12-17 23:33:42,662 - ontology_manager - INFO - 基础本体创建完成，包含 125 个三元组
2025-12-17 23:33:42,662 - ontology_manager - INFO - 从CSV文件填充本体...
2025-12-17 23:33:42,673 - ontology_manager - INFO - 加载 22 个传感器实例...
2025-12-17 23:33:42,688 - ontology_manager - INFO - 加载 20 个算法实例...
2025-12-17 23:33:42,695 - ontology_manager - INFO - 加载 21 个基础设施实例...
2025-12-17 23:33:42,701 - ontology_manager - INFO - 加载 50 个成本效益条目...
2025-12-17 23:33:42,709 - ontology_manager - INFO - 添加SHACL约束...
2025-12-17 23:33:42,709 - ontology_manager - INFO - 本体填充完成，包含 988 个三元组
2025-12-17 23:33:43,014 - ontology_manager - INFO - 验证：找到 22 个传感器实例
2025-12-17 23:33:43,043 - ontology_manager - INFO - 验证：找到 20 个算法实例
2025-12-17 23:33:43,069 - utils - INFO - Ontology saved to results/runs/20251217_233342_seed42/populated_ontology.ttl
2025-12-17 23:33:43,069 - utils - INFO - 
Step 2: Running NSGA-III optimization...
2025-12-17 23:33:43,069 - optimization_core - INFO - Optimizer initialized with seed=42
2025-12-17 23:33:43,079 - evaluation - INFO - Caching ontology components...
2025-12-17 23:33:43,082 - evaluation - INFO - Cached: 22 sensors, 20 algorithms, 7 storage, 5 comm, 5 deployments
2025-12-17 23:33:43,082 - evaluation - INFO - Initializing property cache...
2025-12-17 23:33:48,771 - evaluation - INFO - Cached properties for 59 components
2025-12-17 23:33:48,771 - evaluation - INFO - EnhancedFitnessEvaluatorV3 initialized (Step 2-Lite)
2025-12-17 23:33:48,772 - optimization_core - INFO - Using NSGA-III, 56 ref_dirs, pop_size=2000
2025-12-17 23:33:48,772 - optimization_core - INFO - Using DiverseInitialSampling for better discrete variable coverage
2025-12-17 23:33:48,772 - optimization_core - INFO - Mutation eta=15 (increased mutation strength)
2025-12-17 23:33:48,772 - optimization_core - INFO - Starting NSGA3 optimization, 6 objectives, seed=42...
2025-12-17 23:33:48,795 - optimization_core - INFO - DiverseInitialSampling: 22 sensors, 20 algorithms, 5 deployments
2025-12-17 23:33:48,797 - optimization_core - INFO - Generated 2000 initial solutions with diverse discrete coverage
2025-12-17 23:33:48,797 - optimization_core - INFO -   - 22 sensor-focused
2025-12-17 23:33:48,797 - optimization_core - INFO -   - 20 algorithm-focused
2025-12-17 23:33:48,797 - optimization_core - INFO -   - 440 sensor×algorithm combos
2025-12-17 23:38:18,374 - optimization_core - INFO - Processed 23 Pareto optimal solutions
2025-12-17 23:38:18,659 - optimization_core - INFO - 
=== Pareto Front Diversity Statistics ===
2025-12-17 23:38:18,659 - optimization_core - INFO - Unique sensors: 5
2025-12-17 23:38:18,660 - optimization_core - INFO - Sensor distribution:
sensor
IoT_Professional_Network     8
IoT_LoRaWAN_Sensor           7
Camera_Basler_ace2Pro        6
Vehicle_Accelerometer_Pro    1
MMS_ZF_Profiler9020C         1
2025-12-17 23:38:18,661 - optimization_core - INFO - Unique algorithms: 3
2025-12-17 23:38:18,661 - optimization_core - INFO - Algorithm distribution:
algorithm
Traditional_Canny_Optimized    20
Traditional_Otsu_Enhanced       2
Traditional_Morphology          1
2025-12-17 23:38:18,661 - optimization_core - INFO - =============================================
2025-12-17 23:38:18,680 - utils - INFO - Saved 23 Pareto solutions to results/runs/20251217_233342_seed42/pareto_solutions.csv
2025-12-17 23:38:18,682 - utils - INFO - 
Pareto Front Summary:
2025-12-17 23:38:18,682 - utils - INFO -   Cost: $191,927 - $4,436,288
2025-12-17 23:38:18,682 - utils - INFO -   Recall: 0.8223 - 0.9600
2025-12-17 23:38:18,682 - utils - INFO -   Carbon: 100 - 2,125 kgCO2e/year
2025-12-17 23:38:18,682 - utils - INFO - Optimization time: 269.90s
2025-12-17 23:38:18,683 - utils - INFO - 
Step 3: Running baseline methods...
2025-12-17 23:38:18,683 - evaluation - INFO - Caching ontology components...
2025-12-17 23:38:18,686 - evaluation - INFO - Cached: 22 sensors, 20 algorithms, 7 storage, 5 comm, 5 deployments
2025-12-17 23:38:18,686 - evaluation - INFO - Initializing property cache...
2025-12-17 23:38:25,633 - evaluation - INFO - Cached properties for 59 components
2025-12-17 23:38:25,633 - evaluation - INFO - EnhancedFitnessEvaluatorV3 initialized (Step 2-Lite)
2025-12-17 23:38:25,633 - baseline_methods - INFO - BaselineRunner initialized with seed=42
2025-12-17 23:38:25,633 - baseline_methods - INFO - 
Running baseline method: random
2025-12-17 23:38:25,633 - baseline_methods - INFO - Running Random Search with 3000 samples (seed=42)...
2025-12-17 23:38:25,675 - baseline_methods - INFO -   Evaluated 200 solutions (57 feasible)
2025-12-17 23:38:25,718 - baseline_methods - INFO -   Evaluated 400 solutions (116 feasible)
2025-12-17 23:38:25,760 - baseline_methods - INFO -   Evaluated 600 solutions (169 feasible)
2025-12-17 23:38:25,802 - baseline_methods - INFO -   Evaluated 800 solutions (234 feasible)
2025-12-17 23:38:25,843 - baseline_methods - INFO -   Evaluated 1000 solutions (279 feasible)
2025-12-17 23:38:25,886 - baseline_methods - INFO -   Evaluated 1200 solutions (326 feasible)
2025-12-17 23:38:25,927 - baseline_methods - INFO -   Evaluated 1400 solutions (369 feasible)
2025-12-17 23:38:25,968 - baseline_methods - INFO -   Evaluated 1600 solutions (423 feasible)
2025-12-17 23:38:26,009 - baseline_methods - INFO -   Evaluated 1800 solutions (475 feasible)
2025-12-17 23:38:26,050 - baseline_methods - INFO -   Evaluated 2000 solutions (536 feasible)
2025-12-17 23:38:26,092 - baseline_methods - INFO -   Evaluated 2200 solutions (593 feasible)
2025-12-17 23:38:26,134 - baseline_methods - INFO -   Evaluated 2400 solutions (649 feasible)
2025-12-17 23:38:26,177 - baseline_methods - INFO -   Evaluated 2600 solutions (699 feasible)
2025-12-17 23:38:26,218 - baseline_methods - INFO -   Evaluated 2800 solutions (747 feasible)
2025-12-17 23:38:26,259 - baseline_methods - INFO -   Evaluated 3000 solutions (798 feasible)
2025-12-17 23:38:26,276 - baseline_methods - INFO - Random Search: 0.63s, 798 feasible
2025-12-17 23:38:26,277 - baseline_methods - INFO -   Total solutions: 3000
2025-12-17 23:38:26,278 - baseline_methods - INFO -   Feasible solutions: 798
2025-12-17 23:38:26,278 - baseline_methods - INFO -   Best cost: $265,272
2025-12-17 23:38:26,278 - baseline_methods - INFO -   Best recall: 0.960
2025-12-17 23:38:26,278 - baseline_methods - INFO - 
Running baseline method: grid
2025-12-17 23:38:26,278 - baseline_methods - INFO - Running Grid Search baseline (seed=43)...
2025-12-17 23:38:26,303 - baseline_methods - INFO - Grid Search: 0.02s, 48 feasible
2025-12-17 23:38:26,303 - baseline_methods - INFO -   Total solutions: 192
2025-12-17 23:38:26,303 - baseline_methods - INFO -   Feasible solutions: 48
2025-12-17 23:38:26,303 - baseline_methods - INFO -   Best cost: $3,487,966
2025-12-17 23:38:26,303 - baseline_methods - INFO -   Best recall: 0.944
2025-12-17 23:38:26,304 - baseline_methods - INFO - 
Running baseline method: weighted
2025-12-17 23:38:26,304 - baseline_methods - INFO - Running Weighted Sum with 100 weight sets (seed=44)...
2025-12-17 23:38:27,682 - baseline_methods - INFO -   Processed 10 weight combinations
2025-12-17 23:38:29,068 - baseline_methods - INFO -   Processed 20 weight combinations
2025-12-17 23:38:30,471 - baseline_methods - INFO -   Processed 30 weight combinations
2025-12-17 23:38:31,840 - baseline_methods - INFO -   Processed 40 weight combinations
2025-12-17 23:38:33,253 - baseline_methods - INFO -   Processed 50 weight combinations
2025-12-17 23:38:34,674 - baseline_methods - INFO -   Processed 60 weight combinations
2025-12-17 23:38:36,039 - baseline_methods - INFO -   Processed 70 weight combinations
2025-12-17 23:38:37,441 - baseline_methods - INFO -   Processed 80 weight combinations
2025-12-17 23:38:38,806 - baseline_methods - INFO -   Processed 90 weight combinations
2025-12-17 23:38:40,172 - baseline_methods - INFO -   Processed 100 weight combinations
2025-12-17 23:38:40,174 - baseline_methods - INFO - Weighted Sum: 13.87s, 100 feasible
2025-12-17 23:38:40,174 - baseline_methods - INFO -   Total solutions: 100
2025-12-17 23:38:40,174 - baseline_methods - INFO -   Feasible solutions: 100
2025-12-17 23:38:40,174 - baseline_methods - INFO -   Best cost: $504,711
2025-12-17 23:38:40,174 - baseline_methods - INFO -   Best recall: 0.960
2025-12-17 23:38:40,174 - baseline_methods - INFO - 
Running baseline method: expert
2025-12-17 23:38:40,174 - baseline_methods - INFO - Running Expert Heuristic baseline (seed=45)...
2025-12-17 23:38:40,180 - baseline_methods - INFO - Expert Heuristic: 0.00s
2025-12-17 23:38:40,181 - baseline_methods - INFO -   Total configs: 25, Feasible: 1
2025-12-17 23:38:40,181 - baseline_methods - INFO -   Total solutions: 25
2025-12-17 23:38:40,181 - baseline_methods - INFO -   Feasible solutions: 1
2025-12-17 23:38:40,181 - baseline_methods - INFO -   Best cost: $5,213,690
2025-12-17 23:38:40,181 - baseline_methods - INFO -   Best recall: 0.946
2025-12-17 23:38:40,263 - utils - INFO -   random: 3000 total, 798 feasible
2025-12-17 23:38:40,269 - utils - INFO -   grid: 192 total, 48 feasible
2025-12-17 23:38:40,273 - utils - INFO -   weighted: 100 total, 100 feasible
2025-12-17 23:38:40,274 - utils - INFO -   expert: 25 total, 1 feasible
2025-12-17 23:38:40,274 - utils - INFO - Baseline time: 14.55s
2025-12-17 23:38:40,274 - utils - INFO - 
Step 4: Validating results consistency...
2025-12-17 23:38:40,278 - utils - INFO - Validation: PASSED
2025-12-17 23:38:40,278 - utils - INFO - 
Step 5: Generating report...
2025-12-17 23:38:40,281 - utils - INFO - Saved optimization summary to results/runs/20251217_233342_seed42/optimization_summary.json
2025-12-17 23:38:40,281 - utils - INFO - Saved optimization report to results/runs/20251217_233342_seed42/optimization_report.txt
2025-12-17 23:38:40,281 - utils - INFO - 
================================================================================
2025-12-17 23:38:40,281 - utils - INFO - OPTIMIZATION COMPLETE
2025-12-17 23:38:40,281 - utils - INFO - Run Directory: results/runs/20251217_233342_seed42
2025-12-17 23:38:40,281 - utils - INFO - Pareto Solutions: 23
2025-12-17 23:38:40,281 - utils - INFO - Baseline Feasible: 947
2025-12-17 23:38:40,282 - utils - INFO - Validation: PASSED
2025-12-17 23:38:40,282 - utils - INFO - Total Time: 297.63s
2025-12-17 23:38:40,282 - utils - INFO - ================================================================================
