2025-12-29 21:23:38,233 - INFO - Logging initialized. Log file: results/runs/20251229_212338_seed42/logs/rmtwin_optimization_20251229_212338.log
2025-12-29 21:23:38,233 - INFO - Debug mode: False
2025-12-29 21:23:38,233 - INFO - ================================================================================
2025-12-29 21:23:38,233 - INFO - RMTwin Multi-Objective Optimization Framework v3.1
2025-12-29 21:23:38,233 - INFO - Run Directory: results/runs/20251229_212338_seed42
2025-12-29 21:23:38,234 - INFO - Seed: 42
2025-12-29 21:23:38,234 - INFO - Config: 6 objectives, 100 generations, 2000 population
2025-12-29 21:23:38,234 - INFO - Start Time: 2025-12-29 21:23:38
2025-12-29 21:23:38,234 - INFO - ================================================================================
2025-12-29 21:23:38,234 - INFO - 
Constraints:
2025-12-29 21:23:38,234 - INFO -   Budget Cap: $10,000,000
2025-12-29 21:23:38,234 - INFO -   Min Recall: 0.8
2025-12-29 21:23:38,234 - INFO -   Max Latency: 200.0 s
2025-12-29 21:23:38,234 - INFO -   Min MTBF: 1000 hours
2025-12-29 21:23:38,234 - INFO -   Max Carbon: 200,000 kgCO2e/year
2025-12-29 21:23:38,234 - INFO - 
Sensor Parameters (v3.1):
2025-12-29 21:23:38,234 - INFO -   Fixed Sensor Density: 1.0 /km
2025-12-29 21:23:38,234 - INFO -   Mobile Coverage: 80.0 km/day
2025-12-29 21:23:38,234 - INFO - Config snapshot saved to results/runs/20251229_212338_seed42/config_snapshot.json
2025-12-29 21:23:38,235 - INFO - 
Step 1: Loading ontology...
2025-12-29 21:23:38,235 - INFO - 设置基础本体结构...
2025-12-29 21:23:38,237 - INFO - 基础本体创建完成，包含 125 个三元组
2025-12-29 21:23:38,237 - INFO - 使用TXT数据文件
2025-12-29 21:23:38,237 - INFO - 从CSV文件填充本体...
2025-12-29 21:23:38,252 - INFO - 加载 22 个传感器实例...
2025-12-29 21:23:38,268 - INFO - 加载 20 个算法实例...
2025-12-29 21:23:38,276 - INFO - 加载 21 个基础设施实例...
2025-12-29 21:23:38,284 - INFO - 加载 50 个成本效益条目...
2025-12-29 21:23:38,293 - INFO - 添加SHACL约束...
2025-12-29 21:23:38,293 - INFO - 本体填充完成，包含 988 个三元组
2025-12-29 21:23:38,593 - INFO - 验证：找到 22 个传感器实例
2025-12-29 21:23:38,626 - INFO - 验证：找到 20 个算法实例
2025-12-29 21:23:38,627 - INFO - 本体构建成功
2025-12-29 21:23:38,655 - INFO - 本体保存到 results/runs/20251229_212338_seed42/populated_ontology.ttl
2025-12-29 21:23:38,655 - INFO - 本体已保存到 results/runs/20251229_212338_seed42/populated_ontology.ttl
2025-12-29 21:23:38,655 - INFO - 
Step 2: Running NSGA-III optimization...
2025-12-29 21:23:38,655 - INFO - Optimizer initialized with seed=42
2025-12-29 21:23:38,655 - INFO - Optimizer initialized with seed=42
2025-12-29 21:23:38,667 - INFO - Caching ontology components...
2025-12-29 21:23:38,670 - INFO - Cached: 22 sensors, 20 algorithms, 7 storage, 5 comm, 5 deployments
2025-12-29 21:23:38,670 - INFO - Initializing property cache...
2025-12-29 21:23:44,504 - INFO - Cached properties for 59 components
2025-12-29 21:23:44,504 - INFO - EnhancedFitnessEvaluatorV3 initialized (Step 2-Lite)
2025-12-29 21:23:44,505 - INFO - Using NSGA-III, 56 ref_dirs, pop_size=2000
2025-12-29 21:23:44,505 - INFO - Using DiverseInitialSampling for better discrete variable coverage
2025-12-29 21:23:44,505 - INFO - Mutation eta=15 (increased mutation strength)
2025-12-29 21:23:44,505 - INFO - Starting NSGA3 optimization, 6 objectives, seed=42...
2025-12-29 21:23:44,601 - INFO - DiverseInitialSampling: 22 sensors, 20 algorithms, 5 deployments
2025-12-29 21:23:44,603 - INFO - Generated 2000 initial solutions with diverse discrete coverage
2025-12-29 21:23:44,603 - INFO -   - 22 sensor-focused
2025-12-29 21:23:44,604 - INFO -   - 20 algorithm-focused
2025-12-29 21:23:44,604 - INFO -   - 440 sensor×algorithm combos
2025-12-29 21:28:29,056 - INFO - Processed 26 Pareto optimal solutions
2025-12-29 21:28:29,341 - INFO - 
=== Pareto Front Diversity Statistics ===
2025-12-29 21:28:29,341 - INFO - Unique sensors: 5
2025-12-29 21:28:29,342 - INFO - Sensor distribution:
sensor
Camera_Basler_ace2Pro        13
Vehicle_Smartphone_System     5
IoT_LoRaWAN_Sensor            5
Vehicle_Accelerometer_Pro     2
MMS_ZF_Profiler9020C          1
2025-12-29 21:28:29,343 - INFO - Unique algorithms: 5
2025-12-29 21:28:29,343 - INFO - Algorithm distribution:
algorithm
Traditional_Canny_Optimized    19
Traditional_Morphology          3
Traditional_Otsu_Enhanced       2
ML_XGBoost_Tuned                1
Edge_TinyYOLO_v4                1
2025-12-29 21:28:29,344 - INFO - =============================================
2025-12-29 21:28:29,352 - INFO - Optimization time: 284.85s
2025-12-29 21:28:29,362 - INFO - Processed 26 Pareto optimal solutions
2025-12-29 21:28:29,362 - INFO - 
=== Pareto Front Diversity Statistics ===
2025-12-29 21:28:29,362 - INFO - Unique sensors: 5
2025-12-29 21:28:29,363 - INFO - Sensor distribution:
sensor
Camera_Basler_ace2Pro        13
Vehicle_Smartphone_System     5
IoT_LoRaWAN_Sensor            5
Vehicle_Accelerometer_Pro     2
MMS_ZF_Profiler9020C          1
2025-12-29 21:28:29,363 - INFO - Unique algorithms: 5
2025-12-29 21:28:29,364 - INFO - Algorithm distribution:
algorithm
Traditional_Canny_Optimized    19
Traditional_Morphology          3
Traditional_Otsu_Enhanced       2
ML_XGBoost_Tuned                1
Edge_TinyYOLO_v4                1
2025-12-29 21:28:29,364 - INFO - 
Pareto Front Summary:
2025-12-29 21:28:29,364 - INFO -   Cost: $527,563 - $7,713,584
2025-12-29 21:28:29,364 - INFO -   Recall: 0.8015 - 0.9600
2025-12-29 21:28:29,364 - INFO - 
Step 3: Running baseline methods...
2025-12-29 21:28:29,364 - INFO - Running baseline methods...
2025-12-29 21:28:29,364 - INFO - Caching ontology components...
2025-12-29 21:28:29,368 - INFO - Cached: 22 sensors, 20 algorithms, 7 storage, 5 comm, 5 deployments
2025-12-29 21:28:29,368 - INFO - Initializing property cache...
2025-12-29 21:28:34,643 - INFO - Cached properties for 59 components
2025-12-29 21:28:34,643 - INFO - EnhancedFitnessEvaluatorV3 initialized (Step 2-Lite)
2025-12-29 21:28:34,643 - INFO - BaselineRunner initialized with seed=43
2025-12-29 21:28:34,643 - INFO - Running all baseline methods via run_all_methods()...
2025-12-29 21:28:34,643 - INFO - 
Running baseline method: random
2025-12-29 21:28:34,643 - INFO - Running Random Search with 3000 samples (seed=43)...
2025-12-29 21:28:34,692 - INFO -   Evaluated 200 solutions (26 feasible)
2025-12-29 21:28:34,741 - INFO -   Evaluated 400 solutions (48 feasible)
2025-12-29 21:28:34,799 - INFO -   Evaluated 600 solutions (79 feasible)
2025-12-29 21:28:34,850 - INFO -   Evaluated 800 solutions (117 feasible)
2025-12-29 21:28:34,904 - INFO -   Evaluated 1000 solutions (145 feasible)
2025-12-29 21:28:34,958 - INFO -   Evaluated 1200 solutions (171 feasible)
2025-12-29 21:28:35,007 - INFO -   Evaluated 1400 solutions (211 feasible)
2025-12-29 21:28:35,057 - INFO -   Evaluated 1600 solutions (242 feasible)
2025-12-29 21:28:35,107 - INFO -   Evaluated 1800 solutions (271 feasible)
2025-12-29 21:28:35,155 - INFO -   Evaluated 2000 solutions (306 feasible)
2025-12-29 21:28:35,205 - INFO -   Evaluated 2200 solutions (339 feasible)
2025-12-29 21:28:35,254 - INFO -   Evaluated 2400 solutions (369 feasible)
2025-12-29 21:28:35,304 - INFO -   Evaluated 2600 solutions (398 feasible)
2025-12-29 21:28:35,353 - INFO -   Evaluated 2800 solutions (435 feasible)
2025-12-29 21:28:35,403 - INFO -   Evaluated 3000 solutions (466 feasible)
2025-12-29 21:28:35,420 - INFO - Random Search: 0.76s, 466 feasible
2025-12-29 21:28:35,420 - INFO -   Total solutions: 3000
2025-12-29 21:28:35,421 - INFO -   Feasible solutions: 466
2025-12-29 21:28:35,421 - INFO -   Best cost: $440,203
2025-12-29 21:28:35,421 - INFO -   Best recall: 0.960
2025-12-29 21:28:35,421 - INFO - 
Running baseline method: grid
2025-12-29 21:28:35,421 - INFO - Running Grid Search baseline (seed=44)...
2025-12-29 21:28:35,461 - INFO - Grid Search: 0.04s, 0 feasible
2025-12-29 21:28:35,461 - INFO -   Total solutions: 242
2025-12-29 21:28:35,461 - INFO -   Feasible solutions: 0
2025-12-29 21:28:35,461 - INFO - 
Running baseline method: weighted
2025-12-29 21:28:35,462 - INFO - Running Weighted Sum with 100 weight sets (seed=45)...
2025-12-29 21:28:35,462 - INFO - Generated 100 weight combinations (Dirichlet enhanced)
2025-12-29 21:28:37,172 - INFO -   Processed 10 weight combinations
2025-12-29 21:28:38,883 - INFO -   Processed 20 weight combinations
2025-12-29 21:28:40,601 - INFO -   Processed 30 weight combinations
2025-12-29 21:28:42,297 - INFO -   Processed 40 weight combinations
2025-12-29 21:28:43,990 - INFO -   Processed 50 weight combinations
2025-12-29 21:28:45,689 - INFO -   Processed 60 weight combinations
2025-12-29 21:28:47,375 - INFO -   Processed 70 weight combinations
2025-12-29 21:28:49,110 - INFO -   Processed 80 weight combinations
2025-12-29 21:28:50,813 - INFO -   Processed 90 weight combinations
2025-12-29 21:28:52,510 - INFO -   Processed 100 weight combinations
2025-12-29 21:28:52,512 - INFO - Weighted Sum: 17.05s, 100 feasible
2025-12-29 21:28:52,512 - INFO -   Total solutions: 100
2025-12-29 21:28:52,513 - INFO -   Feasible solutions: 100
2025-12-29 21:28:52,513 - INFO -   Best cost: $834,679
2025-12-29 21:28:52,513 - INFO -   Best recall: 0.960
2025-12-29 21:28:52,513 - INFO - 
Running baseline method: expert
2025-12-29 21:28:52,513 - INFO - Running Expert Heuristic baseline (seed=46)...
2025-12-29 21:28:52,518 - WARNING - No feasible expert configs found. Applying relaxation...
2025-12-29 21:28:52,518 - WARNING - Applying extreme relaxation...
2025-12-29 21:28:52,519 - INFO - Found feasible solution with extreme relaxation: SensorVar_0.85
2025-12-29 21:28:52,522 - INFO - Expert Heuristic: 0.01s
2025-12-29 21:28:52,522 - INFO -   Total configs: 34, Feasible: 1
2025-12-29 21:28:52,522 - INFO -   Total solutions: 34
2025-12-29 21:28:52,523 - INFO -   Feasible solutions: 1
2025-12-29 21:28:52,523 - INFO -   Best cost: $5,229,179
2025-12-29 21:28:52,523 - INFO -   Best recall: 0.913
2025-12-29 21:28:52,610 - INFO -   Random: 3000 total, 466 feasible
2025-12-29 21:28:52,618 - INFO -   Grid: 242 total, 0 feasible
2025-12-29 21:28:52,622 - INFO -   Weighted: 100 total, 100 feasible
2025-12-29 21:28:52,624 - INFO -   Expert: 34 total, 1 feasible
2025-12-29 21:28:52,624 - INFO - Baseline methods complete: 4 methods, 567 total feasible solutions
2025-12-29 21:28:52,625 - INFO -   Random: 3000 total, 466 feasible
2025-12-29 21:28:52,625 - INFO -   Grid: 242 total, 0 feasible
2025-12-29 21:28:52,625 - INFO -   Weighted: 100 total, 100 feasible
2025-12-29 21:28:52,625 - INFO -   Expert: 34 total, 1 feasible
2025-12-29 21:28:52,626 - INFO - 
Step 4: Validating results consistency...
2025-12-29 21:28:52,626 - INFO - Validating results...
2025-12-29 21:28:52,626 - INFO - Validation: PASSED
2025-12-29 21:28:52,626 - INFO - Validation: PASSED
2025-12-29 21:28:52,626 - INFO - 
Step 5: Skipping visualization
2025-12-29 21:28:52,626 - INFO - 
Step 6: Generating report...
2025-12-29 21:28:52,629 - INFO - 
================================================================================
2025-12-29 21:28:52,629 - INFO - OPTIMIZATION COMPLETE
2025-12-29 21:28:52,629 - INFO - Run Directory: results/runs/20251229_212338_seed42
2025-12-29 21:28:52,629 - INFO - Pareto Solutions: 26
2025-12-29 21:28:52,629 - INFO - Baseline Feasible: 567
2025-12-29 21:28:52,629 - INFO - Validation: PASSED
2025-12-29 21:28:52,629 - INFO - Total Time: 314.40s
2025-12-29 21:28:52,629 - INFO - ================================================================================
